<?xml version="1.0" encoding="UTF-8"?>
<!-- Generated by org.testng.reporters.JUnitXMLReporter -->
<testsuite ignored="0" hostname="GK" failures="1" tests="4" name="Chrome" time="279.202" errors="0" timestamp="2025-10-06T19:55:18 IST">
  <testcase classname="com.salesforce.testcases.Oppurtunity_TC" name="TC001_Create_New_Oppurtunity" time="70.455"/>
  <testcase classname="com.salesforce.testcases.Oppurtunity_TC" name="TC002_Edit_oppurtunity" time="32.533">
    <failure type="java.lang.RuntimeException" message="See the reporter for details.">
      <![CDATA[java.lang.RuntimeException: See the reporter for details.
at com.framework.utils.Reporter.reportStep(Reporter.java:93)
at com.framework.utils.Reporter.reportStep(Reporter.java:108)
at com.framework.selenium.api.base.SeleniumBase.click(SeleniumBase.java:169)
at com.salesforce.pages.LoginPage.clickOnLogin(LoginPage.java:33)
at com.salesforce.testcases.Oppurtunity_TC.TC002_Edit_oppurtunity(Oppurtunity_TC.java:48)
at java.base/java.util.ArrayList.forEach(ArrayList.java:1596)
... Removed 25 stack frames]]>
    </failure>
  </testcase> <!-- TC002_Edit_oppurtunity -->
  <testcase classname="com.salesforce.testcases.Oppurtunity_TC" name="TC003_Delete_oppurtunity" time="69.548"/>
  <testcase classname="com.salesforce.testcases.Oppurtunity_TC" name="TC004_Create_Opportunity_without_mandatory_fields" time="47.863"/>
</testsuite> <!-- Chrome -->
