<?xml version="1.0" encoding="UTF-8"?>
<testng-results ignored="0" total="4" passed="3" failed="1" skipped="0">
  <reporter-output>
  </reporter-output>
  <suite started-at="2025-10-06T19:50:38 IST" name="Suite" finished-at="2025-10-06T19:55:18 IST" duration-ms="279202">
    <groups>
      <group name="cucumber">
        <method signature="AbstractTestNGCucumberTests.runScenario(io.cucumber.testng.PickleWrapper,io.cucumber.testng.FeatureWrapper)[pri:0, instance:com.salesforce.testcases.Oppurtunity_TC@61322f9d]" name="runScenario" class="io.cucumber.testng.AbstractTestNGCucumberTests"/>
      </group> <!-- cucumber -->
    </groups>
    <test started-at="2025-10-06T19:50:38 IST" name="Chrome" finished-at="2025-10-06T19:55:18 IST" duration-ms="279202">
      <class name="com.salesforce.testcases.Oppurtunity_TC">
        <test-method is-config="true" signature="startReport()[pri:0, instance:com.salesforce.testcases.Oppurtunity_TC@61322f9d]" started-at="2025-10-06T19:50:38 IST" name="startReport" finished-at="2025-10-06T19:50:38 IST" duration-ms="385" status="PASS">
          <reporter-output>
          </reporter-output>
        </test-method> <!-- startReport -->
        <test-method is-config="true" signature="setValues()[pri:0, instance:com.salesforce.testcases.Oppurtunity_TC@61322f9d]" started-at="2025-10-06T19:50:38 IST" name="setValues" finished-at="2025-10-06T19:50:38 IST" duration-ms="1" status="PASS">
          <reporter-output>
          </reporter-output>
        </test-method> <!-- setValues -->
        <test-method is-config="true" signature="setUpClass(org.testng.ITestContext)[pri:0, instance:com.salesforce.testcases.Oppurtunity_TC@61322f9d]" started-at="2025-10-06T19:50:38 IST" name="setUpClass" finished-at="2025-10-06T19:50:39 IST" duration-ms="400" status="PASS">
          <params>
            <param index="0">
              <value>
                <![CDATA[org.testng.TestRunner@60807fd9]]>
              </value>
            </param>
          </params>
          <reporter-output>
          </reporter-output>
        </test-method> <!-- setUpClass -->
        <test-method is-config="true" signature="startTestCase()[pri:0, instance:com.salesforce.testcases.Oppurtunity_TC@61322f9d]" started-at="2025-10-06T19:50:39 IST" name="startTestCase" finished-at="2025-10-06T19:50:39 IST" duration-ms="16" status="PASS">
          <reporter-output>
          </reporter-output>
        </test-method> <!-- startTestCase -->
        <test-method is-config="true" signature="preCondition()[pri:0, instance:com.salesforce.testcases.Oppurtunity_TC@61322f9d]" started-at="2025-10-06T19:50:40 IST" name="preCondition" finished-at="2025-10-06T19:51:03 IST" duration-ms="23409" status="PASS">
          <reporter-output>
          </reporter-output>
        </test-method> <!-- preCondition -->
        <test-method signature="TC001_Create_New_Oppurtunity(java.lang.String,java.lang.String)[pri:0, instance:com.salesforce.testcases.Oppurtunity_TC@61322f9d]" started-at="2025-10-06T19:51:03 IST" name="TC001_Create_New_Oppurtunity" data-provider="fetchData" finished-at="2025-10-06T19:52:14 IST" duration-ms="70455" status="PASS">
          <params>
            <param index="0">
              <value>
                <![CDATA[kannanganesh100910@agentforce.com]]>
              </value>
            </param>
            <param index="1">
              <value>
                <![CDATA[Ganesh!@#99]]>
              </value>
            </param>
          </params>
          <reporter-output>
          </reporter-output>
        </test-method> <!-- TC001_Create_New_Oppurtunity -->
        <test-method is-config="true" signature="postCondition()[pri:0, instance:com.salesforce.testcases.Oppurtunity_TC@61322f9d]" started-at="2025-10-06T19:52:14 IST" name="postCondition" finished-at="2025-10-06T19:52:15 IST" duration-ms="1079" status="PASS">
          <reporter-output>
          </reporter-output>
        </test-method> <!-- postCondition -->
        <test-method is-config="true" signature="preCondition()[pri:0, instance:com.salesforce.testcases.Oppurtunity_TC@61322f9d]" started-at="2025-10-06T19:52:15 IST" name="preCondition" finished-at="2025-10-06T19:52:22 IST" duration-ms="7190" status="PASS">
          <reporter-output>
          </reporter-output>
        </test-method> <!-- preCondition -->
        <test-method signature="TC002_Edit_oppurtunity(java.lang.String,java.lang.String)[pri:0, instance:com.salesforce.testcases.Oppurtunity_TC@61322f9d]" started-at="2025-10-06T19:52:22 IST" name="TC002_Edit_oppurtunity" data-provider="fetchData" finished-at="2025-10-06T19:52:55 IST" duration-ms="32533" status="FAIL">
          <params>
            <param index="0">
              <value>
                <![CDATA[kannanganesh100910@agentforce.com]]>
              </value>
            </param>
            <param index="1">
              <value>
                <![CDATA[Ganesh!@#99]]>
              </value>
            </param>
          </params>
          <exception class="java.lang.RuntimeException">
            <message>
              <![CDATA[See the reporter for details.]]>
            </message>
            <full-stacktrace>
              <![CDATA[java.lang.RuntimeException: See the reporter for details.
at com.framework.utils.Reporter.reportStep(Reporter.java:93)
at com.framework.utils.Reporter.reportStep(Reporter.java:108)
at com.framework.selenium.api.base.SeleniumBase.click(SeleniumBase.java:169)
at com.salesforce.pages.LoginPage.clickOnLogin(LoginPage.java:33)
at com.salesforce.testcases.Oppurtunity_TC.TC002_Edit_oppurtunity(Oppurtunity_TC.java:48)
at java.base/jdk.internal.reflect.DirectMethodHandleAccessor.invoke(DirectMethodHandleAccessor.java:103)
at java.base/java.lang.reflect.Method.invoke(Method.java:580)
at org.testng.internal.MethodInvocationHelper.invokeMethod(MethodInvocationHelper.java:133)
at org.testng.internal.TestInvoker.invokeMethod(TestInvoker.java:598)
at org.testng.internal.TestInvoker.invokeTestMethod(TestInvoker.java:173)
at org.testng.internal.MethodRunner.runInSequence(MethodRunner.java:46)
at org.testng.internal.TestInvoker$MethodInvocationAgent.invoke(TestInvoker.java:824)
at org.testng.internal.TestInvoker.invokeTestMethods(TestInvoker.java:146)
at org.testng.internal.TestMethodWorker.invokeTestMethods(TestMethodWorker.java:146)
at org.testng.internal.TestMethodWorker.run(TestMethodWorker.java:128)
at java.base/java.util.ArrayList.forEach(ArrayList.java:1596)
at org.testng.TestRunner.privateRun(TestRunner.java:794)
at org.testng.TestRunner.run(TestRunner.java:596)
at org.testng.SuiteRunner.runTest(SuiteRunner.java:377)
at org.testng.SuiteRunner.runSequentially(SuiteRunner.java:371)
at org.testng.SuiteRunner.privateRun(SuiteRunner.java:332)
at org.testng.SuiteRunner.run(SuiteRunner.java:276)
at org.testng.SuiteRunnerWorker.runSuite(SuiteRunnerWorker.java:53)
at org.testng.SuiteRunnerWorker.run(SuiteRunnerWorker.java:96)
at org.testng.TestNG.runSuitesSequentially(TestNG.java:1212)
at org.testng.TestNG.runSuitesLocally(TestNG.java:1134)
at org.testng.TestNG.runSuites(TestNG.java:1063)
at org.testng.TestNG.run(TestNG.java:1031)
at org.testng.remote.AbstractRemoteTestNG.run(AbstractRemoteTestNG.java:115)
at org.testng.remote.RemoteTestNG.initAndRun(RemoteTestNG.java:293)
at org.testng.remote.RemoteTestNG.main(RemoteTestNG.java:91)
]]>
            </full-stacktrace>
          </exception> <!-- java.lang.RuntimeException -->
          <reporter-output>
          </reporter-output>
        </test-method> <!-- TC002_Edit_oppurtunity -->
        <test-method is-config="true" signature="postCondition()[pri:0, instance:com.salesforce.testcases.Oppurtunity_TC@61322f9d]" started-at="2025-10-06T19:52:55 IST" name="postCondition" finished-at="2025-10-06T19:52:56 IST" duration-ms="769" status="PASS">
          <reporter-output>
          </reporter-output>
        </test-method> <!-- postCondition -->
        <test-method is-config="true" signature="preCondition()[pri:0, instance:com.salesforce.testcases.Oppurtunity_TC@61322f9d]" started-at="2025-10-06T19:52:56 IST" name="preCondition" finished-at="2025-10-06T19:53:02 IST" duration-ms="5756" status="PASS">
          <reporter-output>
          </reporter-output>
        </test-method> <!-- preCondition -->
        <test-method signature="TC003_Delete_oppurtunity(java.lang.String,java.lang.String)[pri:0, instance:com.salesforce.testcases.Oppurtunity_TC@61322f9d]" started-at="2025-10-06T19:53:02 IST" name="TC003_Delete_oppurtunity" data-provider="fetchData" finished-at="2025-10-06T19:54:11 IST" duration-ms="69548" status="PASS">
          <params>
            <param index="0">
              <value>
                <![CDATA[kannanganesh100910@agentforce.com]]>
              </value>
            </param>
            <param index="1">
              <value>
                <![CDATA[Ganesh!@#99]]>
              </value>
            </param>
          </params>
          <reporter-output>
          </reporter-output>
        </test-method> <!-- TC003_Delete_oppurtunity -->
        <test-method is-config="true" signature="postCondition()[pri:0, instance:com.salesforce.testcases.Oppurtunity_TC@61322f9d]" started-at="2025-10-06T19:54:11 IST" name="postCondition" finished-at="2025-10-06T19:54:21 IST" duration-ms="9752" status="PASS">
          <reporter-output>
          </reporter-output>
        </test-method> <!-- postCondition -->
        <test-method is-config="true" signature="preCondition()[pri:0, instance:com.salesforce.testcases.Oppurtunity_TC@61322f9d]" started-at="2025-10-06T19:54:21 IST" name="preCondition" finished-at="2025-10-06T19:54:29 IST" duration-ms="7475" status="PASS">
          <reporter-output>
          </reporter-output>
        </test-method> <!-- preCondition -->
        <test-method signature="TC004_Create_Opportunity_without_mandatory_fields(java.lang.String,java.lang.String)[pri:0, instance:com.salesforce.testcases.Oppurtunity_TC@61322f9d]" started-at="2025-10-06T19:54:29 IST" name="TC004_Create_Opportunity_without_mandatory_fields" data-provider="fetchData" finished-at="2025-10-06T19:55:16 IST" duration-ms="47863" status="PASS">
          <params>
            <param index="0">
              <value>
                <![CDATA[kannanganesh100910@agentforce.com]]>
              </value>
            </param>
            <param index="1">
              <value>
                <![CDATA[Ganesh!@#99]]>
              </value>
            </param>
          </params>
          <reporter-output>
          </reporter-output>
        </test-method> <!-- TC004_Create_Opportunity_without_mandatory_fields -->
        <test-method is-config="true" signature="postCondition()[pri:0, instance:com.salesforce.testcases.Oppurtunity_TC@61322f9d]" started-at="2025-10-06T19:55:16 IST" name="postCondition" finished-at="2025-10-06T19:55:17 IST" duration-ms="919" status="PASS">
          <reporter-output>
          </reporter-output>
        </test-method> <!-- postCondition -->
        <test-method is-config="true" signature="tearDownClass()[pri:0, instance:com.salesforce.testcases.Oppurtunity_TC@61322f9d]" started-at="2025-10-06T19:55:17 IST" name="tearDownClass" finished-at="2025-10-06T19:55:18 IST" duration-ms="96" status="PASS">
          <reporter-output>
          </reporter-output>
        </test-method> <!-- tearDownClass -->
        <test-method is-config="true" signature="endResult()[pri:0, instance:com.salesforce.testcases.Oppurtunity_TC@61322f9d]" started-at="2025-10-06T19:55:18 IST" name="endResult" finished-at="2025-10-06T19:55:19 IST" duration-ms="879" status="PASS">
          <reporter-output>
          </reporter-output>
        </test-method> <!-- endResult -->
      </class> <!-- com.salesforce.testcases.Oppurtunity_TC -->
    </test> <!-- Chrome -->
  </suite> <!-- Suite -->
</testng-results>
