<?xml version="1.0" encoding="UTF-8"?>
<testng-results ignored="2" total="7" passed="4" failed="1" skipped="0">
  <reporter-output>
  </reporter-output>
  <suite started-at="2025-10-07T12:51:36 IST" name="Suite" finished-at="2025-10-07T12:56:59 IST" duration-ms="323168">
    <groups>
      <group name="cucumber">
        <method signature="AbstractTestNGCucumberTests.runScenario(io.cucumber.testng.PickleWrapper,io.cucumber.testng.FeatureWrapper)[pri:0, instance:com.salesforce.testcases.LoginPage_TC_001@510f3d34]" name="runScenario" class="io.cucumber.testng.AbstractTestNGCucumberTests"/>
        <method signature="AbstractTestNGCucumberTests.runScenario(io.cucumber.testng.PickleWrapper,io.cucumber.testng.FeatureWrapper)[pri:0, instance:com.salesforce.testcases.Oppurtunity_TC@d35dea7]" name="runScenario" class="io.cucumber.testng.AbstractTestNGCucumberTests"/>
      </group> <!-- cucumber -->
    </groups>
    <test started-at="2025-10-07T12:51:36 IST" name="Chrome" finished-at="2025-10-07T12:56:59 IST" duration-ms="323168">
      <class name="com.salesforce.testcases.Oppurtunity_TC">
        <test-method is-config="true" signature="setValues()[pri:0, instance:com.salesforce.testcases.Oppurtunity_TC@d35dea7]" started-at="2025-10-07T12:51:36 IST" name="setValues" finished-at="2025-10-07T12:51:36 IST" duration-ms="0" status="PASS">
          <reporter-output>
          </reporter-output>
        </test-method> <!-- setValues -->
        <test-method is-config="true" signature="setUpClass(org.testng.ITestContext)[pri:0, instance:com.salesforce.testcases.Oppurtunity_TC@d35dea7]" started-at="2025-10-07T12:51:36 IST" name="setUpClass" finished-at="2025-10-07T12:51:36 IST" duration-ms="247" status="PASS">
          <params>
            <param index="0">
              <value>
                <![CDATA[org.testng.TestRunner@517566b]]>
              </value>
            </param>
          </params>
          <reporter-output>
          </reporter-output>
        </test-method> <!-- setUpClass -->
        <test-method is-config="true" signature="startTestCase()[pri:0, instance:com.salesforce.testcases.Oppurtunity_TC@d35dea7]" started-at="2025-10-07T12:51:36 IST" name="startTestCase" finished-at="2025-10-07T12:51:36 IST" duration-ms="11" status="PASS">
          <reporter-output>
          </reporter-output>
        </test-method> <!-- startTestCase -->
        <test-method is-config="true" signature="preCondition()[pri:0, instance:com.salesforce.testcases.Oppurtunity_TC@d35dea7]" started-at="2025-10-07T12:51:37 IST" name="preCondition" finished-at="2025-10-07T12:51:45 IST" duration-ms="8076" status="PASS">
          <reporter-output>
          </reporter-output>
        </test-method> <!-- preCondition -->
        <test-method signature="TC001_Create_New_Oppurtunity(java.lang.String,java.lang.String)[pri:0, instance:com.salesforce.testcases.Oppurtunity_TC@d35dea7]" started-at="2025-10-07T12:51:45 IST" name="TC001_Create_New_Oppurtunity" data-provider="fetchData" finished-at="2025-10-07T12:52:49 IST" duration-ms="64088" status="PASS">
          <params>
            <param index="0">
              <value>
                <![CDATA[kannanganesh100910@agentforce.com]]>
              </value>
            </param>
            <param index="1">
              <value>
                <![CDATA[Ganesh!@#99]]>
              </value>
            </param>
          </params>
          <reporter-output>
          </reporter-output>
        </test-method> <!-- TC001_Create_New_Oppurtunity -->
        <test-method is-config="true" signature="postCondition()[pri:0, instance:com.salesforce.testcases.Oppurtunity_TC@d35dea7]" started-at="2025-10-07T12:52:49 IST" name="postCondition" finished-at="2025-10-07T12:52:50 IST" duration-ms="285" status="PASS">
          <reporter-output>
          </reporter-output>
        </test-method> <!-- postCondition -->
        <test-method is-config="true" signature="preCondition()[pri:0, instance:com.salesforce.testcases.Oppurtunity_TC@d35dea7]" started-at="2025-10-07T12:52:50 IST" name="preCondition" finished-at="2025-10-07T12:52:55 IST" duration-ms="5449" status="PASS">
          <reporter-output>
          </reporter-output>
        </test-method> <!-- preCondition -->
        <test-method signature="TC002_Edit_oppurtunity(java.lang.String,java.lang.String)[pri:0, instance:com.salesforce.testcases.Oppurtunity_TC@d35dea7]" started-at="2025-10-07T12:52:55 IST" name="TC002_Edit_oppurtunity" data-provider="fetchData" finished-at="2025-10-07T12:55:10 IST" duration-ms="134388" status="FAIL">
          <params>
            <param index="0">
              <value>
                <![CDATA[kannanganesh100910@agentforce.com]]>
              </value>
            </param>
            <param index="1">
              <value>
                <![CDATA[Ganesh!@#99]]>
              </value>
            </param>
          </params>
          <exception class="org.openqa.selenium.TimeoutException">
            <message>
              <![CDATA[Expected condition failed: waiting for visibility of element located by By.xpath: //a[@title='Home']//span (tried for 30 second(s) with 500 milliseconds interval)
Build info: version: '4.13.0', revision: 'ba948ece5b*'
System info: os.name: 'Windows 11', os.arch: 'amd64', os.version: '10.0', java.version: '21.0.8'
Driver info: org.openqa.selenium.chrome.ChromeDriver
Capabilities {acceptInsecureCerts: false, browserName: chrome, browserVersion: 140.0.7339.208, chrome: {chromedriverVersion: 140.0.7339.207 (17230b545fd..., userDataDir: C:\Users\kanna\AppData\Loca...}, fedcm:accounts: true, goog:chromeOptions: {debuggerAddress: localhost:64828}, networkConnectionEnabled: false, pageLoadStrategy: normal, platformName: windows, proxy: Proxy(), se:cdp: ws://localhost:64828/devtoo..., se:cdpVersion: 140.0.7339.208, setWindowRect: true, strictFileInteractability: false, timeouts: {implicit: 0, pageLoad: 300000, script: 30000}, unhandledPromptBehavior: dismiss and notify, webauthn:extension:credBlob: true, webauthn:extension:largeBlob: true, webauthn:extension:minPinLength: true, webauthn:extension:prf: true, webauthn:virtualAuthenticators: true}
Session ID: 4401c2fd1b05fe4c0991aef97ac7a810]]>
            </message>
            <full-stacktrace>
              <![CDATA[org.openqa.selenium.TimeoutException: Expected condition failed: waiting for visibility of element located by By.xpath: //a[@title='Home']//span (tried for 30 second(s) with 500 milliseconds interval)
Build info: version: '4.13.0', revision: 'ba948ece5b*'
System info: os.name: 'Windows 11', os.arch: 'amd64', os.version: '10.0', java.version: '21.0.8'
Driver info: org.openqa.selenium.chrome.ChromeDriver
Capabilities {acceptInsecureCerts: false, browserName: chrome, browserVersion: 140.0.7339.208, chrome: {chromedriverVersion: 140.0.7339.207 (17230b545fd..., userDataDir: C:\Users\kanna\AppData\Loca...}, fedcm:accounts: true, goog:chromeOptions: {debuggerAddress: localhost:64828}, networkConnectionEnabled: false, pageLoadStrategy: normal, platformName: windows, proxy: Proxy(), se:cdp: ws://localhost:64828/devtoo..., se:cdpVersion: 140.0.7339.208, setWindowRect: true, strictFileInteractability: false, timeouts: {implicit: 0, pageLoad: 300000, script: 30000}, unhandledPromptBehavior: dismiss and notify, webauthn:extension:credBlob: true, webauthn:extension:largeBlob: true, webauthn:extension:minPinLength: true, webauthn:extension:prf: true, webauthn:virtualAuthenticators: true}
Session ID: 4401c2fd1b05fe4c0991aef97ac7a810
at org.openqa.selenium.support.ui.WebDriverWait.timeoutException(WebDriverWait.java:84)
at org.openqa.selenium.support.ui.FluentWait.until(FluentWait.java:230)
at com.salesforce.pages.LoginPage.clickOnLogin(LoginPage.java:35)
at com.salesforce.testcases.Oppurtunity_TC.TC002_Edit_oppurtunity(Oppurtunity_TC.java:48)
at java.base/jdk.internal.reflect.DirectMethodHandleAccessor.invoke(DirectMethodHandleAccessor.java:103)
at java.base/java.lang.reflect.Method.invoke(Method.java:580)
at org.testng.internal.MethodInvocationHelper.invokeMethod(MethodInvocationHelper.java:133)
at org.testng.internal.TestInvoker.invokeMethod(TestInvoker.java:598)
at org.testng.internal.TestInvoker.invokeTestMethod(TestInvoker.java:173)
at org.testng.internal.MethodRunner.runInSequence(MethodRunner.java:46)
at org.testng.internal.TestInvoker$MethodInvocationAgent.invoke(TestInvoker.java:824)
at org.testng.internal.TestInvoker.invokeTestMethods(TestInvoker.java:146)
at org.testng.internal.TestMethodWorker.invokeTestMethods(TestMethodWorker.java:146)
at org.testng.internal.TestMethodWorker.run(TestMethodWorker.java:128)
at java.base/java.util.concurrent.ThreadPoolExecutor.runWorker(ThreadPoolExecutor.java:1144)
at java.base/java.util.concurrent.ThreadPoolExecutor$Worker.run(ThreadPoolExecutor.java:642)
at java.base/java.lang.Thread.run(Thread.java:1583)
]]>
            </full-stacktrace>
          </exception> <!-- org.openqa.selenium.TimeoutException -->
          <reporter-output>
          </reporter-output>
        </test-method> <!-- TC002_Edit_oppurtunity -->
        <test-method is-config="true" signature="postCondition()[pri:0, instance:com.salesforce.testcases.Oppurtunity_TC@d35dea7]" started-at="2025-10-07T12:55:10 IST" name="postCondition" finished-at="2025-10-07T12:55:10 IST" duration-ms="325" status="PASS">
          <reporter-output>
          </reporter-output>
        </test-method> <!-- postCondition -->
        <test-method is-config="true" signature="preCondition()[pri:0, instance:com.salesforce.testcases.Oppurtunity_TC@d35dea7]" started-at="2025-10-07T12:55:10 IST" name="preCondition" finished-at="2025-10-07T12:55:16 IST" duration-ms="5790" status="PASS">
          <reporter-output>
          </reporter-output>
        </test-method> <!-- preCondition -->
        <test-method signature="TC003_Delete_oppurtunity(java.lang.String,java.lang.String)[pri:0, instance:com.salesforce.testcases.Oppurtunity_TC@d35dea7]" started-at="2025-10-07T12:55:16 IST" name="TC003_Delete_oppurtunity" data-provider="fetchData" finished-at="2025-10-07T12:56:06 IST" duration-ms="49620" status="PASS">
          <params>
            <param index="0">
              <value>
                <![CDATA[kannanganesh100910@agentforce.com]]>
              </value>
            </param>
            <param index="1">
              <value>
                <![CDATA[Ganesh!@#99]]>
              </value>
            </param>
          </params>
          <reporter-output>
          </reporter-output>
        </test-method> <!-- TC003_Delete_oppurtunity -->
        <test-method is-config="true" signature="postCondition()[pri:0, instance:com.salesforce.testcases.Oppurtunity_TC@d35dea7]" started-at="2025-10-07T12:56:06 IST" name="postCondition" finished-at="2025-10-07T12:56:06 IST" duration-ms="435" status="PASS">
          <reporter-output>
          </reporter-output>
        </test-method> <!-- postCondition -->
        <test-method is-config="true" signature="preCondition()[pri:0, instance:com.salesforce.testcases.Oppurtunity_TC@d35dea7]" started-at="2025-10-07T12:56:06 IST" name="preCondition" finished-at="2025-10-07T12:56:20 IST" duration-ms="14203" status="PASS">
          <reporter-output>
          </reporter-output>
        </test-method> <!-- preCondition -->
        <test-method signature="TC004_Create_Opportunity_without_mandatory_fields(java.lang.String,java.lang.String)[pri:0, instance:com.salesforce.testcases.Oppurtunity_TC@d35dea7]" started-at="2025-10-07T12:56:20 IST" name="TC004_Create_Opportunity_without_mandatory_fields" data-provider="fetchData" finished-at="2025-10-07T12:56:59 IST" duration-ms="38431" status="PASS">
          <params>
            <param index="0">
              <value>
                <![CDATA[kannanganesh100910@agentforce.com]]>
              </value>
            </param>
            <param index="1">
              <value>
                <![CDATA[Ganesh!@#99]]>
              </value>
            </param>
          </params>
          <reporter-output>
          </reporter-output>
        </test-method> <!-- TC004_Create_Opportunity_without_mandatory_fields -->
        <test-method is-config="true" signature="postCondition()[pri:0, instance:com.salesforce.testcases.Oppurtunity_TC@d35dea7]" started-at="2025-10-07T12:56:59 IST" name="postCondition" finished-at="2025-10-07T12:56:59 IST" duration-ms="249" status="PASS">
          <reporter-output>
          </reporter-output>
        </test-method> <!-- postCondition -->
        <test-method is-config="true" signature="tearDownClass()[pri:0, instance:com.salesforce.testcases.Oppurtunity_TC@d35dea7]" started-at="2025-10-07T12:56:59 IST" name="tearDownClass" finished-at="2025-10-07T12:56:59 IST" duration-ms="3" status="PASS">
          <reporter-output>
          </reporter-output>
        </test-method> <!-- tearDownClass -->
      </class> <!-- com.salesforce.testcases.Oppurtunity_TC -->
      <class name="com.salesforce.testcases.LoginPage_TC_001">
        <test-method is-config="true" signature="startReport()[pri:0, instance:com.salesforce.testcases.LoginPage_TC_001@510f3d34]" started-at="2025-10-07T12:51:36 IST" name="startReport" finished-at="2025-10-07T12:51:36 IST" duration-ms="238" status="PASS">
          <reporter-output>
          </reporter-output>
        </test-method> <!-- startReport -->
        <test-method is-config="true" signature="setValues()[pri:0, instance:com.salesforce.testcases.LoginPage_TC_001@510f3d34]" started-at="2025-10-07T12:51:36 IST" name="setValues" finished-at="2025-10-07T12:51:36 IST" duration-ms="2" status="PASS">
          <reporter-output>
          </reporter-output>
        </test-method> <!-- setValues -->
        <test-method is-config="true" signature="setUpClass(org.testng.ITestContext)[pri:0, instance:com.salesforce.testcases.LoginPage_TC_001@510f3d34]" started-at="2025-10-07T12:51:36 IST" name="setUpClass" finished-at="2025-10-07T12:51:36 IST" duration-ms="248" status="PASS">
          <params>
            <param index="0">
              <value>
                <![CDATA[org.testng.TestRunner@517566b]]>
              </value>
            </param>
          </params>
          <reporter-output>
          </reporter-output>
        </test-method> <!-- setUpClass -->
        <test-method is-config="true" signature="startTestCase()[pri:0, instance:com.salesforce.testcases.LoginPage_TC_001@510f3d34]" started-at="2025-10-07T12:51:36 IST" name="startTestCase" finished-at="2025-10-07T12:51:36 IST" duration-ms="12" status="PASS">
          <reporter-output>
          </reporter-output>
        </test-method> <!-- startTestCase -->
        <test-method is-config="true" signature="preCondition()[pri:0, instance:com.salesforce.testcases.LoginPage_TC_001@510f3d34]" started-at="2025-10-07T12:51:37 IST" name="preCondition" finished-at="2025-10-07T12:51:44 IST" duration-ms="6792" status="PASS">
          <reporter-output>
          </reporter-output>
        </test-method> <!-- preCondition -->
        <test-method signature="login(java.lang.String,java.lang.String)[pri:0, instance:com.salesforce.testcases.LoginPage_TC_001@510f3d34]" started-at="2025-10-07T12:51:44 IST" name="login" data-provider="fetchData" finished-at="2025-10-07T12:52:14 IST" duration-ms="29974" status="PASS">
          <params>
            <param index="0">
              <value>
                <![CDATA[kannanganesh100910@agentforce.com]]>
              </value>
            </param>
            <param index="1">
              <value>
                <![CDATA[Ganesh!@#99]]>
              </value>
            </param>
          </params>
          <reporter-output>
          </reporter-output>
        </test-method> <!-- login -->
        <test-method is-config="true" signature="postCondition()[pri:0, instance:com.salesforce.testcases.LoginPage_TC_001@510f3d34]" started-at="2025-10-07T12:52:14 IST" name="postCondition" finished-at="2025-10-07T12:52:16 IST" duration-ms="1237" status="PASS">
          <reporter-output>
          </reporter-output>
        </test-method> <!-- postCondition -->
        <test-method is-config="true" signature="tearDownClass()[pri:0, instance:com.salesforce.testcases.LoginPage_TC_001@510f3d34]" started-at="2025-10-07T12:52:16 IST" name="tearDownClass" finished-at="2025-10-07T12:52:16 IST" duration-ms="19" status="PASS">
          <reporter-output>
          </reporter-output>
        </test-method> <!-- tearDownClass -->
        <test-method is-config="true" signature="endResult()[pri:0, instance:com.salesforce.testcases.LoginPage_TC_001@510f3d34]" started-at="2025-10-07T12:56:59 IST" name="endResult" finished-at="2025-10-07T12:57:00 IST" duration-ms="499" status="PASS">
          <reporter-output>
          </reporter-output>
        </test-method> <!-- endResult -->
      </class> <!-- com.salesforce.testcases.LoginPage_TC_001 -->
    </test> <!-- Chrome -->
  </suite> <!-- Suite -->
</testng-results>
