<?xml version="1.0" encoding="UTF-8"?>
<!-- Generated by org.testng.reporters.JUnitXMLReporter -->
<testsuite ignored="0" hostname="GK" failures="0" tests="4" name="Default test" time="253.943" errors="0" timestamp="2025-10-07T12:31:06 IST">
  <testcase classname="com.salesforce.testcases.Oppurtunity_TC" name="TC001_Create_New_Oppurtunity" time="49.191"/>
  <testcase classname="com.salesforce.testcases.Oppurtunity_TC" name="TC002_Edit_oppurtunity" time="63.663"/>
  <testcase classname="com.salesforce.testcases.Oppurtunity_TC" name="TC003_Delete_oppurtunity" time="51.562"/>
  <testcase classname="com.salesforce.testcases.Oppurtunity_TC" name="TC004_Create_Opportunity_without_mandatory_fields" time="55.485"/>
</testsuite> <!-- Default test -->
