<?xml version="1.0" encoding="UTF-8"?>
<!-- Generated by org.testng.reporters.JUnitXMLReporter -->
<testsuite ignored="3" hostname="GK" failures="0" tests="1" name="Default test" time="80.423" errors="0" timestamp="2025-10-06T19:36:48 IST">
  <testcase classname="com.salesforce.testcases.Oppurtunity_TC" name="TC004_Create_Opportunity_without_mandatory_fields" time="63.621"/>
  <testcase classname="com.salesforce.testcases.Oppurtunity_TC" name="TC002_Edit_oppurtunity" time="0.0">
    <ignored/>
  </testcase> <!-- TC002_Edit_oppurtunity -->
  <testcase classname="com.salesforce.testcases.Oppurtunity_TC" name="TC003_Delete_oppurtunity" time="0.0">
    <ignored/>
  </testcase> <!-- TC003_Delete_oppurtunity -->
  <testcase classname="com.salesforce.testcases.Oppurtunity_TC" name="TC001_Create_New_Oppurtunity" time="0.0">
    <ignored/>
  </testcase> <!-- TC001_Create_New_Oppurtunity -->
</testsuite> <!-- Default test -->
